<?xml version="1.0" encoding="UTF-8"?>
<robot generator="Robot 7.4.2 (Python 3.12.10 on win32)" generated="2026-05-22T04:39:17.719600" rpa="false" schemaversion="5">
<suite id="s1" name="Robot Testcase" source="C:\Users\dhwani.gupta\Music\Robot_Testcase">
<suite id="s1-s1" name="TestSuite" source="C:\Users\dhwani.gupta\Music\Robot_Testcase\TestSuite">
<suite id="s1-s1-s1" name="Validation" source="C:\Users\dhwani.gupta\Music\Robot_Testcase\TestSuite\Validation.robot">
<test id="s1-s1-s1-t1" name="TC03_Validation_Keywords***" line="9">
<kw name="Launch Browser" owner="Demokeywords" type="SETUP">
<kw name="Open Browser" owner="SeleniumLibrary">
<msg time="2026-05-22T04:39:18.205162" level="INFO">Opening browser 'chrome' to base url 'http://demowebshop.tricentis.com/'.</msg>
<arg>${URL}</arg>
<arg>chrome</arg>
<doc>Opens a new browser instance to the optional ``url``.</doc>
<status status="PASS" start="2026-05-22T04:39:18.202685" elapsed="9.763054"/>
</kw>
<kw name="Maximize Browser Window" owner="SeleniumLibrary">
<doc>Maximizes current browser window.</doc>
<status status="PASS" start="2026-05-22T04:39:27.966252" elapsed="0.041095"/>
</kw>
<kw name="Set Selenium Timeout" owner="SeleniumLibrary">
<arg>10s</arg>
<doc>Sets the timeout that is used by various keywords.</doc>
<status status="PASS" start="2026-05-22T04:39:28.008102" elapsed="0.001533"/>
</kw>
<status status="PASS" start="2026-05-22T04:39:18.202685" elapsed="9.806950"/>
</kw>
<kw name="Verify Tilte Of Application is Demo Web Shop" owner="Demokeywords">
<kw name="Title Should Be" owner="SeleniumLibrary">
<msg time="2026-05-22T04:39:28.023890" level="INFO">Page title is 'Demo Web Shop'.</msg>
<arg>Demo Web Shop</arg>
<doc>Verifies that the current page title equals ``title``.</doc>
<status status="PASS" start="2026-05-22T04:39:28.011645" elapsed="0.012245"/>
</kw>
<status status="PASS" start="2026-05-22T04:39:28.011645" elapsed="0.012245"/>
</kw>
<kw name="Capture Page Screenshot" owner="SeleniumLibrary">
<msg time="2026-05-22T04:39:28.199367" level="INFO" html="true">&lt;/td&gt;&lt;/tr&gt;&lt;tr&gt;&lt;td colspan="3"&gt;&lt;a href="selenium-screenshot-79.png"&gt;&lt;img src="selenium-screenshot-79.png" width="800px"&gt;&lt;/a&gt;</msg>
<doc>Takes a screenshot of the current page and embeds it into a log file.</doc>
<status status="PASS" start="2026-05-22T04:39:28.027911" elapsed="0.172751"/>
</kw>
<kw name="Click Login Link" owner="Demokeywords">
<kw name="Click Element" owner="SeleniumLibrary">
<msg time="2026-05-22T04:39:28.211522" level="INFO">Clicking element '//a[text()='Log in']'.</msg>
<arg>${LOGIN_LINK}</arg>
<doc>Click the element identified by ``locator``.</doc>
<status status="PASS" start="2026-05-22T04:39:28.207504" elapsed="0.584185"/>
</kw>
<status status="PASS" start="2026-05-22T04:39:28.205493" elapsed="0.586196"/>
</kw>
<kw name="Sleep" owner="BuiltIn">
<msg time="2026-05-22T04:39:48.795709" level="INFO">Slept 20 seconds.</msg>
<arg>20s</arg>
<doc>Pauses the test executed for the given time.</doc>
<status status="PASS" start="2026-05-22T04:39:28.794167" elapsed="20.002229"/>
</kw>
<kw name="Wait Until Element Is Visible" owner="SeleniumLibrary">
<arg>//h1[contains(text(),'Welcome, Please Sign In!')]</arg>
<arg>20s</arg>
<doc>Waits until the element ``locator`` is visible.</doc>
<status status="PASS" start="2026-05-22T04:39:48.797640" elapsed="0.043468"/>
</kw>
<kw name="Element Should Be Visible" owner="SeleniumLibrary">
<msg time="2026-05-22T04:39:48.885179" level="INFO">Element '//h1[contains(text(),'Welcome, Please Sign In!')]' is displayed.</msg>
<arg>//h1[contains(text(),'Welcome, Please Sign In!')]</arg>
<doc>Verifies that the element identified by ``locator`` is visible.</doc>
<status status="PASS" start="2026-05-22T04:39:48.841108" elapsed="0.044071"/>
</kw>
<kw name="Get Text" owner="SeleniumLibrary">
<msg time="2026-05-22T04:39:48.929344" level="INFO">${text} = Log in</msg>
<var>${text}</var>
<arg>xpath=//a[@class='ico-login']</arg>
<doc>Returns the text value of the element identified by ``locator``.</doc>
<status status="PASS" start="2026-05-22T04:39:48.885179" elapsed="0.044165"/>
</kw>
<kw name="Log" owner="BuiltIn">
<msg time="2026-05-22T04:39:48.935588" level="INFO">Log in</msg>
<arg>${text}</arg>
<doc>Logs the given message with the given level.</doc>
<status status="PASS" start="2026-05-22T04:39:48.929344" elapsed="0.006968"/>
</kw>
<kw name="Should Be Equal" owner="BuiltIn">
<arg>${text}</arg>
<arg>Log in</arg>
<doc>Fails if the given objects are unequal.</doc>
<status status="PASS" start="2026-05-22T04:39:48.936312" elapsed="0.000000"/>
</kw>
<kw name="Should Contain" owner="BuiltIn">
<arg>${text}</arg>
<arg>Log</arg>
<doc>Fails if ``container`` does not contain ``item`` one or more times.</doc>
<status status="PASS" start="2026-05-22T04:39:48.936312" elapsed="0.000000"/>
</kw>
<kw name="Element Text Should Be" owner="SeleniumLibrary">
<msg time="2026-05-22T04:39:48.947229" level="INFO">Verifying element 'xpath=//a[@class='ico-login']' contains exact text 'Log in'.</msg>
<arg>xpath=//a[@class='ico-login']</arg>
<arg>Log in</arg>
<doc>Verifies that element ``locator`` contains exact the text ``expected``.</doc>
<status status="PASS" start="2026-05-22T04:39:48.936312" elapsed="0.049238"/>
</kw>
<kw name="Scroll Element Into View" owner="SeleniumLibrary">
<arg>//a[contains(text(),'Google+')]</arg>
<doc>Scrolls the element identified by ``locator`` into view.</doc>
<status status="PASS" start="2026-05-22T04:39:48.985550" elapsed="0.336522"/>
</kw>
<kw name="Capture Page Screenshot" owner="SeleniumLibrary">
<msg time="2026-05-22T04:39:49.451960" level="INFO" html="true">&lt;/td&gt;&lt;/tr&gt;&lt;tr&gt;&lt;td colspan="3"&gt;&lt;a href="selenium-screenshot-80.png"&gt;&lt;img src="selenium-screenshot-80.png" width="800px"&gt;&lt;/a&gt;</msg>
<doc>Takes a screenshot of the current page and embeds it into a log file.</doc>
<status status="PASS" start="2026-05-22T04:39:49.323173" elapsed="0.135324"/>
</kw>
<kw name="Mouse Over" owner="SeleniumLibrary">
<msg time="2026-05-22T04:39:49.458497" level="INFO">Simulating Mouse Over on element '//ul[@class='top-menu']//a[contains(text(),'Computers')]'.</msg>
<arg>//ul[@class='top-menu']//a[contains(text(),'Computers')]</arg>
<doc>Simulates hovering the mouse over the element ``locator``.</doc>
<status status="PASS" start="2026-05-22T04:39:49.458497" elapsed="0.325296"/>
</kw>
<kw name="Click Element" owner="SeleniumLibrary">
<msg time="2026-05-22T04:39:49.783793" level="INFO">Clicking element '//ul[@class='top-menu']//a[contains(text(),'Desktops')]'.</msg>
<arg>//ul[@class='top-menu']//a[contains(text(),'Desktops')]</arg>
<doc>Click the element identified by ``locator``.</doc>
<status status="PASS" start="2026-05-22T04:39:49.783793" elapsed="0.865359"/>
</kw>
<kw name="Sleep" owner="BuiltIn">
<msg time="2026-05-22T04:40:00.651555" level="INFO">Slept 10 seconds.</msg>
<arg>10s</arg>
<doc>Pauses the test executed for the given time.</doc>
<status status="PASS" start="2026-05-22T04:39:50.650040" elapsed="10.002578"/>
</kw>
<kw name="Input Text" owner="SeleniumLibrary">
<msg time="2026-05-22T04:40:00.655822" level="INFO">Typing text 'laptop' into text field '//input[contains(@id,'small-searchterms')]'.</msg>
<arg>//input[contains(@id,'small-searchterms')]</arg>
<arg>laptop</arg>
<doc>Types the given ``text`` into the text field identified by ``locator``.</doc>
<status status="PASS" start="2026-05-22T04:40:00.653628" elapsed="0.258498"/>
</kw>
<kw name="Press Keys" owner="SeleniumLibrary">
<msg time="2026-05-22T04:40:00.919027" level="INFO">Sending key(s) ('ENTER',) to //input[contains(@id,'small-searchterms')] element.</msg>
<msg time="2026-05-22T04:40:01.243873" level="INFO">Pressing special key ENTER to element.</msg>
<msg time="2026-05-22T04:40:01.243873" level="INFO">Releasing special key ENTER.</msg>
<arg>//input[contains(@id,'small-searchterms')]</arg>
<arg>ENTER</arg>
<doc>Simulates the user pressing key(s) to an element or on the active browser.</doc>
<status status="PASS" start="2026-05-22T04:40:00.912126" elapsed="1.033974"/>
</kw>
<kw name="Page Should Contain" owner="SeleniumLibrary">
<msg time="2026-05-22T04:40:01.992188" level="INFO">Current page contains text 'Search'.</msg>
<arg>Search</arg>
<doc>Verifies that current page contains ``text``.</doc>
<status status="PASS" start="2026-05-22T04:40:01.946100" elapsed="0.046088"/>
</kw>
<kw name="Sleep" owner="BuiltIn">
<msg time="2026-05-22T04:40:32.007590" level="INFO">Slept 30 seconds.</msg>
<arg>30s</arg>
<doc>Pauses the test executed for the given time.</doc>
<status status="PASS" start="2026-05-22T04:40:02.005519" elapsed="30.002071"/>
</kw>
<kw name="Close Browser Session" owner="Demokeywords" type="TEARDOWN">
<kw name="Close Browser" owner="SeleniumLibrary">
<doc>Closes the current browser.</doc>
<status status="PASS" start="2026-05-22T04:40:32.007590" elapsed="2.683460"/>
</kw>
<status status="PASS" start="2026-05-22T04:40:32.007590" elapsed="2.683460"/>
</kw>
<doc>Validation Keywords in RF</doc>
<status status="PASS" start="2026-05-22T04:39:18.183275" elapsed="76.507775"/>
</test>
<status status="PASS" start="2026-05-22T04:39:17.778274" elapsed="76.924610"/>
</suite>
<status status="PASS" start="2026-05-22T04:39:17.769562" elapsed="76.936741"/>
</suite>
<status status="PASS" start="2026-05-22T04:39:17.727652" elapsed="76.992184"/>
</suite>
<statistics>
<total>
<stat pass="1" fail="0" skip="0">All Tests</stat>
</total>
<tag>
</tag>
<suite>
<stat name="Robot Testcase" id="s1" pass="1" fail="0" skip="0">Robot Testcase</stat>
<stat name="TestSuite" id="s1-s1" pass="1" fail="0" skip="0">Robot Testcase.TestSuite</stat>
<stat name="Validation" id="s1-s1-s1" pass="1" fail="0" skip="0">Robot Testcase.TestSuite.Validation</stat>
</suite>
</statistics>
<errors>
</errors>
</robot>
